<?xml version="1.0" encoding="UTF-8"?>
<!-- Generated by org.testng.reporters.JUnitReportReporter -->
<testsuite hostname="User-PC" name="RestAssuredTests.deleteRequestExample" tests="1" failures="0" timestamp="4 Dec 2021 06:09:05 GMT" time="1.995" errors="0">
  <testcase name="testDelete" time="1.995" classname="RestAssuredTests.deleteRequestExample"/>
</testsuite> <!-- RestAssuredTests.deleteRequestExample -->
