<?xml version="1.0" encoding="UTF-8"?>
<!-- Generated by org.testng.reporters.JUnitReportReporter -->
<testsuite hostname="User-PC" name="RestAssuredTests.postRequestExample" tests="1" failures="0" timestamp="30 Nov 2021 17:25:30 GMT" time="1.895" errors="0">
  <testcase name="testPost" time="1.895" classname="RestAssuredTests.postRequestExample"/>
</testsuite> <!-- RestAssuredTests.postRequestExample -->
