<?xml version="1.0" encoding="UTF-8"?>
<!-- Generated by org.testng.reporters.JUnitReportReporter -->
<testsuite hostname="User-PC" name="RestAssuredTests.putRequestExample" tests="1" failures="0" timestamp="30 Nov 2021 17:23:55 GMT" time="2.057" errors="0">
  <testcase name="testPut" time="2.057" classname="RestAssuredTests.putRequestExample"/>
</testsuite> <!-- RestAssuredTests.putRequestExample -->
