<?xml version="1.0" encoding="UTF-8"?>
<!-- Generated by org.testng.reporters.JUnitReportReporter -->
<testsuite hostname="User-PC" name="RestAssuredTests.getRequestExample" tests="1" failures="0" timestamp="21 Nov 2021 14:06:29 GMT" time="4.726" errors="0">
  <testcase name="getAllInfo" time="4.726" classname="RestAssuredTests.getRequestExample"/>
</testsuite> <!-- RestAssuredTests.getRequestExample -->
