<?xml version="1.0" encoding="UTF-8"?>
<!-- Generated by org.testng.reporters.JUnitReportReporter -->
<testsuite hostname="User-PC" name="RestAssuredTests.BasicValidation_JSON" tests="2" failures="0" timestamp="4 Dec 2021 07:13:21 GMT" time="1.254" errors="0">
  <testcase name="testStatusCode" time="1.090" classname="RestAssuredTests.BasicValidation_JSON"/>
  <testcase name="testLogging" time="0.164" classname="RestAssuredTests.BasicValidation_JSON"/>
</testsuite> <!-- RestAssuredTests.BasicValidation_JSON -->
